20230417	07:52:12	INFORMATION	b5e8261e-1e82-4283-9a30-04b9d33a7b6b	visited the home page.	1593e791-1758-49e0-9614-80b31413a7ab
20230417	07:52:37	INFORMATION	b5e8261e-1e82-4283-9a30-04b9d33a7b6b	visited the home page.	63d417fd-c8fa-44da-8e22-fbe5237b3c52
20230417	07:54:14	INFORMATION	b5e8261e-1e82-4283-9a30-04b9d33a7b6b	visited the home page.	3ea0db17-14ee-48a7-a088-5e26e63a3774
20230417	07:55:38	INFORMATION	b5e8261e-1e82-4283-9a30-04b9d33a7b6b	visited the home page.	d45535d0-6770-4a7e-a1f3-6ff8ef7c081d
20230417	07:55:40	INFORMATION	b5e8261e-1e82-4283-9a30-04b9d33a7b6b	visited the home page.	a539c591-d332-4979-8081-afa51e9ffed1
20230417	07:56:04	INFORMATION	b5e8261e-1e82-4283-9a30-04b9d33a7b6b	visited the home page.	b39abe83-7df7-4556-989e-a8f4a884f985
20230417	07:56:49	INFORMATION	b5e8261e-1e82-4283-9a30-04b9d33a7b6b	visited the home page.	8ff9c09d-8356-444a-838c-e89c969a07d1
20230417	07:57:34	INFORMATION	b5e8261e-1e82-4283-9a30-04b9d33a7b6b	visited the home page.	61ee6125-5e6a-4e09-87d9-90f381df412f
20230417	07:57:41	INFORMATION	b5e8261e-1e82-4283-9a30-04b9d33a7b6b	visited the home page.	b0ed19dd-08b2-4df7-9d55-d7f34c62baae
20230417	07:58:24	INFORMATION	b5e8261e-1e82-4283-9a30-04b9d33a7b6b	visited the home page.	43640839-5647-4f8d-9a60-d0cbd48d8322
20230417	07:58:38	INFORMATION	b5e8261e-1e82-4283-9a30-04b9d33a7b6b	visited the home page.	335d7a47-febb-453a-adbd-3e9c54ac208f
20230417	07:58:39	INFORMATION	b5e8261e-1e82-4283-9a30-04b9d33a7b6b	visited the home page.	a2b3e748-137a-4fae-ad99-85d9a7db5e59
20230417	07:58:39	INFORMATION	b5e8261e-1e82-4283-9a30-04b9d33a7b6b	visited the home page.	2737ec64-e258-4820-8355-dcaad065e682
20230417	07:58:40	INFORMATION	b5e8261e-1e82-4283-9a30-04b9d33a7b6b	visited the home page.	963c4df0-7ddb-466a-a3c2-fdb3fa5ee4ca
20230417	07:58:40	INFORMATION	b5e8261e-1e82-4283-9a30-04b9d33a7b6b	visited the home page.	47d7e0f9-c7e5-4fe8-a675-11fcec3aa809
20230417	07:58:47	INFORMATION	b5e8261e-1e82-4283-9a30-04b9d33a7b6b	visited the home page.	8df601e1-72b9-470e-952f-5d8127af1183
20230417	08:00:31	INFORMATION	b5e8261e-1e82-4283-9a30-04b9d33a7b6b	visited the home page.	45534400-6ed4-48f4-9fa3-47c24d864b77
20230417	08:00:37	INFORMATION	b5e8261e-1e82-4283-9a30-04b9d33a7b6b	visited the home page.	9124959c-75a5-4c9d-8234-582255267878
20230417	08:01:55	INFORMATION	b5e8261e-1e82-4283-9a30-04b9d33a7b6b	visited the home page.	1ea10e19-6c2c-4d3c-b4a0-0cead42d2784
20230417	08:02:34	INFORMATION	b5e8261e-1e82-4283-9a30-04b9d33a7b6b	visited the home page.	16ccade6-2072-4b5a-9ad1-8b7efe667b8d
20230417	08:02:36	INFORMATION	b5e8261e-1e82-4283-9a30-04b9d33a7b6b	visited the home page.	d697a9a7-3bbf-4862-891f-12e65b8cc48f
20230417	08:02:36	INFORMATION	b5e8261e-1e82-4283-9a30-04b9d33a7b6b	visited the home page.	2a8202c8-aad1-4506-94cd-110778aab01d
20230417	08:03:04	INFORMATION	b5e8261e-1e82-4283-9a30-04b9d33a7b6b	visited the home page.	9b4d958d-9a17-4441-92b2-c3673d381226
20230417	08:04:09	INFORMATION	b5e8261e-1e82-4283-9a30-04b9d33a7b6b	visited the home page.	b8938723-490c-4698-af85-f71364f40dbe
20230417	08:04:23	INFORMATION	b5e8261e-1e82-4283-9a30-04b9d33a7b6b	visited the home page.	1358b35f-0156-4773-ba3a-06b0705552d2
20230417	08:04:40	INFORMATION	b5e8261e-1e82-4283-9a30-04b9d33a7b6b	visited the home page.	3c267c84-36fd-475d-b967-c007b3f80c13
20230417	08:05:32	INFORMATION	b5e8261e-1e82-4283-9a30-04b9d33a7b6b	visited the home page.	cb93f13c-6dba-40db-804b-17c65f1d54fa
20230417	08:06:14	INFORMATION	b5e8261e-1e82-4283-9a30-04b9d33a7b6b	visited the home page.	9e30c29c-d624-4502-acb1-34f6fd5f7bd8
20230417	08:07:15	INFORMATION	b5e8261e-1e82-4283-9a30-04b9d33a7b6b	visited the home page.	0f73398c-c4c6-46b7-a38f-63fa298014f4
20230417	08:07:28	INFORMATION	b5e8261e-1e82-4283-9a30-04b9d33a7b6b	visited the home page.	e5132cb9-cca2-493e-ab62-76ab6753d0cc
20230417	08:07:29	INFORMATION	b5e8261e-1e82-4283-9a30-04b9d33a7b6b	visited the home page.	315053d2-c43f-49e9-aa42-aeef451feca9
20230417	08:12:27	INFORMATION	b5e8261e-1e82-4283-9a30-04b9d33a7b6b	visited the home page.	414ad696-f71a-49d6-9202-7acc1c689722
20230417	08:12:28	INFORMATION	b5e8261e-1e82-4283-9a30-04b9d33a7b6b	visited the home page.	a0fb5135-d8bc-465b-a902-73752e98ac2e
20230417	08:12:28	INFORMATION	b5e8261e-1e82-4283-9a30-04b9d33a7b6b	visited the home page.	7c409a20-27a8-4610-be86-6681ff65430c
20230417	08:12:29	INFORMATION	b5e8261e-1e82-4283-9a30-04b9d33a7b6b	visited the home page.	0e3f05ef-3edd-4a3e-8405-6a9c9e19667b
20230417	08:13:10	INFORMATION	b5e8261e-1e82-4283-9a30-04b9d33a7b6b	visited the home page.	ce6acf52-c4e5-445e-b2a7-01228ba06f03
20230417	08:14:06	INFORMATION	b5e8261e-1e82-4283-9a30-04b9d33a7b6b	visited the home page.	1d88dd53-571f-4fce-bf5d-9ded3cc9dc19
20230417	08:14:07	INFORMATION	b5e8261e-1e82-4283-9a30-04b9d33a7b6b	visited the home page.	0efc9ad6-d4bc-4b17-a557-aa9c232e2460
20230417	08:14:07	INFORMATION	b5e8261e-1e82-4283-9a30-04b9d33a7b6b	visited the home page.	0329abc6-e87e-4a73-8f3d-fdc0e0a1fcd3
20230417	08:14:07	INFORMATION	b5e8261e-1e82-4283-9a30-04b9d33a7b6b	visited the home page.	eb321a54-c59a-440c-b535-42e3d9a144d0
20230417	08:14:17	INFORMATION	b5e8261e-1e82-4283-9a30-04b9d33a7b6b	visited the home page.	e3ec88e5-ecef-46aa-9b05-2cfeedaf47f5
20230417	08:14:17	INFORMATION	b5e8261e-1e82-4283-9a30-04b9d33a7b6b	visited the home page.	f1d21036-31c7-4f02-a365-8d4518246f39
20230417	08:15:04	INFORMATION	b5e8261e-1e82-4283-9a30-04b9d33a7b6b	visited the home page.	628e6793-33ac-41f9-ad93-17efec752939
20230417	08:15:21	INFORMATION	b5e8261e-1e82-4283-9a30-04b9d33a7b6b	visited the home page.	32beff6e-d392-4e71-8500-1368721d5b2a
20230417	08:15:31	INFORMATION	b5e8261e-1e82-4283-9a30-04b9d33a7b6b	visited the home page.	79028894-3d6d-4bc0-9d88-35264ff68075
20230417	08:15:39	INFORMATION	b5e8261e-1e82-4283-9a30-04b9d33a7b6b	visited the home page.	bf67272e-457f-4d90-9690-7df2dc078b37
20230417	08:16:00	INFORMATION	b5e8261e-1e82-4283-9a30-04b9d33a7b6b	visited the home page.	c6aecbfb-cb1c-49dc-bfbd-897feda5d691
20230417	08:16:29	INFORMATION	b5e8261e-1e82-4283-9a30-04b9d33a7b6b	visited the home page.	8dfbd8e8-0d8c-43f0-a5e6-7648656fc2fa
20230417	08:16:53	INFORMATION	b5e8261e-1e82-4283-9a30-04b9d33a7b6b	visited the home page.	5845daaa-6333-4d71-8369-8e93a3660d6c
20230417	08:17:12	INFORMATION	b5e8261e-1e82-4283-9a30-04b9d33a7b6b	visited the home page.	a11af6ff-a389-4010-8a9b-dbb21f8575e8
20230417	08:17:13	INFORMATION	b5e8261e-1e82-4283-9a30-04b9d33a7b6b	visited the home page.	753f0fd6-cf56-4573-825d-ccdd218711cc
20230417	08:17:18	INFORMATION	b5e8261e-1e82-4283-9a30-04b9d33a7b6b	visited the home page.	9251a6c6-7a2c-43d7-b607-d8090b9bdf94
20230417	08:17:18	INFORMATION	b5e8261e-1e82-4283-9a30-04b9d33a7b6b	visited the home page.	53a10606-29b2-4475-acc1-33958574b352
20230417	08:17:19	INFORMATION	b5e8261e-1e82-4283-9a30-04b9d33a7b6b	visited the home page.	2ae2111d-743c-4628-980d-96789546ab5b
20230417	08:17:19	INFORMATION	b5e8261e-1e82-4283-9a30-04b9d33a7b6b	visited the home page.	1656dd34-ca15-4ce2-9ffa-19e2c6483baf
20230417	08:17:19	INFORMATION	b5e8261e-1e82-4283-9a30-04b9d33a7b6b	visited the home page.	f71d7a0c-fe96-44a5-adeb-78b617770463
20230417	08:17:19	INFORMATION	b5e8261e-1e82-4283-9a30-04b9d33a7b6b	visited the home page.	d0761873-279e-439e-87e3-c0a84bc8ead2
20230417	08:17:31	INFORMATION	b5e8261e-1e82-4283-9a30-04b9d33a7b6b	visited the home page.	4b9c079f-edca-4a58-994a-428d8aee408c
20230417	08:17:38	INFORMATION	b5e8261e-1e82-4283-9a30-04b9d33a7b6b	visited the home page.	4e06d2b2-3ffe-478f-85fd-cafabedff308
20230417	08:17:43	INFORMATION	b5e8261e-1e82-4283-9a30-04b9d33a7b6b	visited the home page.	70e6f442-2c66-4b04-9488-eeed39e4f476
20230417	08:17:46	INFORMATION	b5e8261e-1e82-4283-9a30-04b9d33a7b6b	visited the home page.	3b19572d-7932-4229-9d9c-2d92e909f0e3
20230417	08:17:58	INFORMATION	b5e8261e-1e82-4283-9a30-04b9d33a7b6b	visited the home page.	29f71683-9636-4154-8eea-97f0197b23cc
20230417	08:17:59	INFORMATION	b5e8261e-1e82-4283-9a30-04b9d33a7b6b	visited the home page.	6d1469fc-1c33-445f-b8ee-139a52fcd515
20230417	08:18:00	INFORMATION	b5e8261e-1e82-4283-9a30-04b9d33a7b6b	visited the home page.	b0a65339-d094-41c9-9b83-6d1e296c421d
20230417	08:20:19	INFORMATION	b5e8261e-1e82-4283-9a30-04b9d33a7b6b	visited the home page.	c6839a08-ed91-4b61-bfd8-309cca46839f
20230417	08:20:20	INFORMATION	b5e8261e-1e82-4283-9a30-04b9d33a7b6b	visited the home page.	f4163c48-8093-4213-9a29-45ee3a788f92
20230417	08:20:21	INFORMATION	b5e8261e-1e82-4283-9a30-04b9d33a7b6b	visited the home page.	c670600e-5010-46c3-bfda-0d24d389e7c2
20230417	08:20:21	INFORMATION	b5e8261e-1e82-4283-9a30-04b9d33a7b6b	visited the home page.	b3fa382e-6cbe-4171-b43b-2d0f2ab5afd4
20230417	08:20:21	INFORMATION	b5e8261e-1e82-4283-9a30-04b9d33a7b6b	visited the home page.	fb3abfd0-e4f9-430d-bd06-3e2c66c69833
20230417	08:20:21	INFORMATION	b5e8261e-1e82-4283-9a30-04b9d33a7b6b	visited the home page.	884a9dfe-5b44-4ddf-b12e-bd3bfbf21124
20230417	08:20:21	INFORMATION	b5e8261e-1e82-4283-9a30-04b9d33a7b6b	visited the home page.	0c39c163-0813-4cb2-ba6f-de589ba84ac2
20230417	08:20:50	INFORMATION	b5e8261e-1e82-4283-9a30-04b9d33a7b6b	visited the home page.	eb607aab-a98c-49b6-b5d2-1d338af7a4ca
20230417	08:21:00	INFORMATION	b5e8261e-1e82-4283-9a30-04b9d33a7b6b	visited the home page.	d529756e-b218-4580-8007-acd7ca69a8c8
20230417	08:21:00	INFORMATION	b5e8261e-1e82-4283-9a30-04b9d33a7b6b	visited the home page.	9daec761-1d0c-4dc7-bbf6-10b9cd0475ab
20230417	08:21:01	INFORMATION	b5e8261e-1e82-4283-9a30-04b9d33a7b6b	visited the home page.	8ee86400-49a7-4888-b137-1f55ff0dc4d9
20230417	08:21:01	INFORMATION	b5e8261e-1e82-4283-9a30-04b9d33a7b6b	visited the home page.	d3a0ebcc-4d43-4756-97ad-ed8ddc4090c7
20230417	08:21:05	INFORMATION	b5e8261e-1e82-4283-9a30-04b9d33a7b6b	visited the home page.	1a31e061-17dd-4bbb-b89e-61c7e236ad4e
20230417	08:21:06	INFORMATION	b5e8261e-1e82-4283-9a30-04b9d33a7b6b	visited the home page.	83d52ed8-0ac3-46c7-97fe-f987c5cfb2e1
20230417	08:21:06	INFORMATION	b5e8261e-1e82-4283-9a30-04b9d33a7b6b	visited the home page.	1ac90b4b-aaea-4245-9812-a6fbf3ce7203
20230417	08:21:06	INFORMATION	b5e8261e-1e82-4283-9a30-04b9d33a7b6b	visited the home page.	75c61779-cbe8-4cd9-aa44-73ce336a45ab
20230417	08:21:07	INFORMATION	b5e8261e-1e82-4283-9a30-04b9d33a7b6b	visited the home page.	b88229df-8852-4ffd-a698-6bf1667d8e73
20230417	08:21:07	INFORMATION	b5e8261e-1e82-4283-9a30-04b9d33a7b6b	visited the home page.	ef3c8c5c-7900-4ab5-aad7-7e24c9d0870b
20230417	08:21:07	INFORMATION	b5e8261e-1e82-4283-9a30-04b9d33a7b6b	visited the home page.	b495f1e5-19e0-462a-b358-d04e257474ee
20230417	08:21:07	INFORMATION	b5e8261e-1e82-4283-9a30-04b9d33a7b6b	visited the home page.	1e16fe21-2eac-4b00-821c-0291da3cbd9b
20230417	08:21:07	INFORMATION	b5e8261e-1e82-4283-9a30-04b9d33a7b6b	visited the home page.	38c77c0f-2880-4f39-baf7-0277b0910a5e
20230417	08:23:45	INFORMATION	b5e8261e-1e82-4283-9a30-04b9d33a7b6b	visited the home page.	db3b36f2-be9c-4996-a918-07de9f7a9ecd
20230417	08:25:32	INFORMATION	b5e8261e-1e82-4283-9a30-04b9d33a7b6b	visited the home page.	606ac422-a549-4a0c-877d-37b0c7011063
20230417	08:26:39	INFORMATION	b5e8261e-1e82-4283-9a30-04b9d33a7b6b	visited the home page.	0f685d42-0e1c-4eb4-a480-06f0ed228a48
20230417	08:26:54	INFORMATION	b5e8261e-1e82-4283-9a30-04b9d33a7b6b	visited the home page.	ace18349-410c-42b5-8162-7dc581c6e3e4
20230417	08:26:54	INFORMATION	b5e8261e-1e82-4283-9a30-04b9d33a7b6b	visited the home page.	fe42e15c-93aa-48d2-b809-042467e780a9
20230417	08:26:54	INFORMATION	b5e8261e-1e82-4283-9a30-04b9d33a7b6b	visited the home page.	c3354c1a-17e6-4306-9e64-3b50ed7d6ee4
20230417	08:26:55	INFORMATION	b5e8261e-1e82-4283-9a30-04b9d33a7b6b	visited the home page.	5000c602-9a26-4f46-817d-fbd7596dff62
20230417	08:26:55	INFORMATION	b5e8261e-1e82-4283-9a30-04b9d33a7b6b	visited the home page.	760c1c5e-bd65-417d-9ee2-83ce2278a046
20230417	08:27:04	INFORMATION	b5e8261e-1e82-4283-9a30-04b9d33a7b6b	visited the home page.	680910a5-2213-4129-9134-abd7fefd8fa4
20230417	08:27:04	INFORMATION	b5e8261e-1e82-4283-9a30-04b9d33a7b6b	visited the home page.	840c4a9d-33cf-4afc-9c81-1347e34244aa
20230417	08:27:04	INFORMATION	b5e8261e-1e82-4283-9a30-04b9d33a7b6b	visited the home page.	c96ea24f-a358-4a3c-9a56-b4854081917e
20230417	08:27:13	INFORMATION	b5e8261e-1e82-4283-9a30-04b9d33a7b6b	visited the home page.	6b0b4b5d-a03b-44bf-af69-26dbd7b87495
20230417	08:27:13	INFORMATION	b5e8261e-1e82-4283-9a30-04b9d33a7b6b	visited the home page.	a7a5b30d-6a8c-4008-b6ca-4d4b715085aa
20230417	08:27:20	INFORMATION	b5e8261e-1e82-4283-9a30-04b9d33a7b6b	visited the home page.	f27304c8-197c-48cf-83e3-acbe05986658
20230417	08:27:33	INFORMATION	b5e8261e-1e82-4283-9a30-04b9d33a7b6b	visited the home page.	a60c8d76-ba8e-4918-8add-72aa3614121b
20230417	08:28:11	INFORMATION	b5e8261e-1e82-4283-9a30-04b9d33a7b6b	visited the home page.	5643fe3e-cf1b-44c5-9128-4bc75dad420b
20230417	08:28:11	INFORMATION	b5e8261e-1e82-4283-9a30-04b9d33a7b6b	visited the home page.	f4e40965-923b-44aa-9651-65d1f933856a
20230417	08:33:21	INFORMATION	b5e8261e-1e82-4283-9a30-04b9d33a7b6b	visited the home page.	20cc60bf-6ad7-479f-94a9-ce5a71250efa
20230417	08:33:33	INFORMATION	b5e8261e-1e82-4283-9a30-04b9d33a7b6b	visited the home page.	a2ef5910-7b00-4c3d-9c55-7daef818732c
20230417	08:46:55	INFORMATION	b5e8261e-1e82-4283-9a30-04b9d33a7b6b	visited the home page.	a4668ee2-162f-4b30-a862-6e5e15c442cb
20230417	08:46:57	INFORMATION	b5e8261e-1e82-4283-9a30-04b9d33a7b6b	visited the home page.	206414f0-2a5e-4586-b26b-ac031c367d61
20230417	08:47:01	INFORMATION	b5e8261e-1e82-4283-9a30-04b9d33a7b6b	visited the home page.	d1675fc0-9ca7-4165-8551-40dc68d0c08e
20230417	08:47:15	INFORMATION	b5e8261e-1e82-4283-9a30-04b9d33a7b6b	visited the home page.	02e74b5b-d9b8-4179-a3c9-f1630d97fbd2
20230417	08:47:23	INFORMATION	b5e8261e-1e82-4283-9a30-04b9d33a7b6b	visited the home page.	bf478116-345e-460f-8e07-78433c88a820
20230417	08:47:28	INFORMATION	b5e8261e-1e82-4283-9a30-04b9d33a7b6b	visited the home page.	5105cbf9-b6eb-487c-9046-fc5ad9c6cf1f
20230417	08:48:01	INFORMATION	b5e8261e-1e82-4283-9a30-04b9d33a7b6b	visited the home page.	ed58944f-c5b3-43f6-81fe-9cd0d66ec08e
20230417	08:48:02	INFORMATION	b5e8261e-1e82-4283-9a30-04b9d33a7b6b	visited the home page.	dbd906c6-8ae1-4de2-95b1-f0bd617e7ba2
20230417	08:48:33	INFORMATION	b5e8261e-1e82-4283-9a30-04b9d33a7b6b	visited the home page.	759834e5-60e9-440b-a6f2-692dc0a39b80
20230417	08:48:50	INFORMATION	b5e8261e-1e82-4283-9a30-04b9d33a7b6b	visited the home page.	358dcd60-8edd-43ab-a66a-e7650a9f4ed3
20230417	08:49:13	INFORMATION	b5e8261e-1e82-4283-9a30-04b9d33a7b6b	visited the home page.	fa759987-3e20-4ab2-9e05-7d512c7f79c0
20230417	08:50:35	INFORMATION	b5e8261e-1e82-4283-9a30-04b9d33a7b6b	visited the home page.	d3668b8f-1af7-45a6-bd6a-2fcb32710833
20230417	08:51:18	INFORMATION	b5e8261e-1e82-4283-9a30-04b9d33a7b6b	visited the home page.	d7bf97d2-bd42-4200-b21f-2c891153a5b4
20230417	08:52:28	INFORMATION	b5e8261e-1e82-4283-9a30-04b9d33a7b6b	visited the home page.	a1068dd5-339f-4063-ad6f-09c925557a5a
20230417	08:52:29	INFORMATION	b5e8261e-1e82-4283-9a30-04b9d33a7b6b	visited the home page.	7f4c3ae3-8b11-4f3d-af36-94357ff15b1f
20230417	08:52:37	INFORMATION	b5e8261e-1e82-4283-9a30-04b9d33a7b6b	visited the home page.	4409ba72-3436-4c83-b480-f18366e7ba15
20230417	08:52:43	INFORMATION	b5e8261e-1e82-4283-9a30-04b9d33a7b6b	visited the home page.	d45b9c78-bf2a-4cd7-b226-e903078670bc
20230417	08:52:50	INFORMATION	b5e8261e-1e82-4283-9a30-04b9d33a7b6b	visited the home page.	908f080c-ea96-4db3-8294-3a6a19397085
20230417	08:52:51	INFORMATION	b5e8261e-1e82-4283-9a30-04b9d33a7b6b	visited the home page.	b07c63a1-4a5d-4be4-84ce-eda7d74afd3a
20230417	08:55:32	INFORMATION	b5e8261e-1e82-4283-9a30-04b9d33a7b6b	visited the home page.	354bd9e2-25ff-4238-a1a7-cf15b8ee787c
20230417	08:55:33	INFORMATION	b5e8261e-1e82-4283-9a30-04b9d33a7b6b	visited the home page.	c46ac6f8-c8f9-4e62-982d-edc8c8c9efcf
20230417	08:56:02	INFORMATION	b5e8261e-1e82-4283-9a30-04b9d33a7b6b	visited the home page.	315f3aa7-ecca-4f06-a550-1a44925862de
20230417	08:56:15	INFORMATION	b5e8261e-1e82-4283-9a30-04b9d33a7b6b	visited the home page.	4dbece61-44e8-432d-8df4-8c509df3d331
20230417	08:56:31	INFORMATION	b5e8261e-1e82-4283-9a30-04b9d33a7b6b	visited the home page.	277252cb-d614-4e02-b585-0d4d7e835ab9
20230417	08:56:31	INFORMATION	b5e8261e-1e82-4283-9a30-04b9d33a7b6b	visited the home page.	fd0732f9-dcff-447f-9b2b-05c7cea3f6b7
20230417	08:56:31	INFORMATION	b5e8261e-1e82-4283-9a30-04b9d33a7b6b	visited the home page.	a47f4a8f-3d4a-4659-898d-d40ec1f2e4e5
20230417	08:56:32	INFORMATION	b5e8261e-1e82-4283-9a30-04b9d33a7b6b	visited the home page.	c8f5a51b-0f5f-452d-a5e4-40dfe505cd43
20230417	08:56:32	INFORMATION	b5e8261e-1e82-4283-9a30-04b9d33a7b6b	visited the home page.	7967a10b-8a1a-425a-8edb-9c90c8f8ca22
20230417	08:56:32	INFORMATION	b5e8261e-1e82-4283-9a30-04b9d33a7b6b	visited the home page.	2ac27709-5a26-4aa2-89bd-ffa876d80058
20230417	08:56:32	INFORMATION	b5e8261e-1e82-4283-9a30-04b9d33a7b6b	visited the home page.	3a62eb01-978b-4380-98ee-2d6f407b7cc1
20230417	08:56:48	INFORMATION	b5e8261e-1e82-4283-9a30-04b9d33a7b6b	visited the home page.	1051d909-91cd-42e5-b491-df1c1878d916
20230417	08:56:48	INFORMATION	b5e8261e-1e82-4283-9a30-04b9d33a7b6b	visited the home page.	65c8bd3f-e9ab-40f1-a695-3a89ae73323b
20230417	08:57:04	INFORMATION	b5e8261e-1e82-4283-9a30-04b9d33a7b6b	visited the home page.	54f8f8a8-e189-4e4c-b956-ef289880a159
20230417	08:57:20	INFORMATION	b5e8261e-1e82-4283-9a30-04b9d33a7b6b	visited the home page.	a92068c4-3e3a-4d6f-8094-50889cca5e99
20230417	08:57:20	INFORMATION	b5e8261e-1e82-4283-9a30-04b9d33a7b6b	visited the home page.	f0c90398-83b3-4c1d-83cb-a2a288371330
20230417	08:57:30	INFORMATION	b5e8261e-1e82-4283-9a30-04b9d33a7b6b	visited the home page.	80a45e38-0fcd-4a6c-991a-627c76946e85
20230417	08:57:45	INFORMATION	b5e8261e-1e82-4283-9a30-04b9d33a7b6b	visited the home page.	8451500c-3b99-4423-b3f3-529b094ae420
20230417	08:59:12	INFORMATION	b5e8261e-1e82-4283-9a30-04b9d33a7b6b	visited the home page.	51c6e274-9aac-42e9-a90e-5d41cd8a59f7
20230417	08:59:49	INFORMATION	b5e8261e-1e82-4283-9a30-04b9d33a7b6b	visited the home page.	53c2e514-d558-495f-b292-4c2d3b805b4f
20230417	09:00:04	INFORMATION	b5e8261e-1e82-4283-9a30-04b9d33a7b6b	visited the home page.	d6b85ddc-2cf5-4af9-bf43-c99f0abfed39
20230417	09:00:13	INFORMATION	b5e8261e-1e82-4283-9a30-04b9d33a7b6b	visited the home page.	864e1bf8-4a09-4bc9-96a7-e3d3e2e92d38
20230417	09:00:40	INFORMATION	b5e8261e-1e82-4283-9a30-04b9d33a7b6b	visited the home page.	5e8cadf5-3382-4184-a309-70f14c6d43d1
20230417	09:01:08	INFORMATION	b5e8261e-1e82-4283-9a30-04b9d33a7b6b	visited the home page.	a44e958d-dfdb-4bf6-a6b1-cf091b249a8d
20230417	09:01:08	INFORMATION	b5e8261e-1e82-4283-9a30-04b9d33a7b6b	visited the home page.	23f3d5cc-d34a-4ace-9613-b5810f34a0e4
20230417	09:01:53	INFORMATION	b5e8261e-1e82-4283-9a30-04b9d33a7b6b	visited the home page.	ba409f49-95b1-4237-bef2-ed5437b259e0
20230417	09:02:07	INFORMATION	b5e8261e-1e82-4283-9a30-04b9d33a7b6b	visited the home page.	23075a77-0ee6-44e6-a047-e0dc1f75f9fd
20230417	09:02:08	INFORMATION	b5e8261e-1e82-4283-9a30-04b9d33a7b6b	visited the home page.	7934c054-571d-423e-888c-c68b78e62175
20230417	09:02:08	INFORMATION	b5e8261e-1e82-4283-9a30-04b9d33a7b6b	visited the home page.	bc498165-d036-4ac3-8a3f-948f859ae068
20230417	09:02:08	INFORMATION	b5e8261e-1e82-4283-9a30-04b9d33a7b6b	visited the home page.	cf1a4cc5-90fe-4c90-b854-864b4e969272
20230417	09:02:18	INFORMATION	b5e8261e-1e82-4283-9a30-04b9d33a7b6b	visited the home page.	908a418b-220e-4885-8c2e-84201b41dfeb
20230417	09:02:25	INFORMATION	b5e8261e-1e82-4283-9a30-04b9d33a7b6b	visited the home page.	0e1e2961-626e-416d-b8a0-2f5313b52974
20230417	09:02:33	INFORMATION	b5e8261e-1e82-4283-9a30-04b9d33a7b6b	visited the home page.	309ed114-acc2-4ddb-8e4d-9a9da731dd59
20230417	09:02:51	INFORMATION	b5e8261e-1e82-4283-9a30-04b9d33a7b6b	visited the home page.	4d490c3e-a979-4cb3-b041-d70edd9e053c
20230417	09:03:10	INFORMATION	b5e8261e-1e82-4283-9a30-04b9d33a7b6b	visited the home page.	0d266045-6061-4a71-adb0-5c1ea3764463
20230417	09:03:19	INFORMATION	b5e8261e-1e82-4283-9a30-04b9d33a7b6b	visited the home page.	9e0a0069-e8d3-43f8-9a43-e6392fa5eefa
20230417	09:03:20	INFORMATION	b5e8261e-1e82-4283-9a30-04b9d33a7b6b	visited the home page.	092401ce-b550-4cb3-b878-3304dd3e4f02
20230417	09:03:23	INFORMATION	b5e8261e-1e82-4283-9a30-04b9d33a7b6b	visited the home page.	8e63863d-c4e2-415a-9111-4bc0b0e866f4
20230417	09:03:35	INFORMATION	b5e8261e-1e82-4283-9a30-04b9d33a7b6b	visited the home page.	c8e95761-0d64-4bed-a29f-d1bf4d8d8f72
20230417	09:03:50	INFORMATION	b5e8261e-1e82-4283-9a30-04b9d33a7b6b	visited the home page.	ae442019-2a16-40fb-8059-89379d5ebef5
20230417	09:04:31	INFORMATION	b5e8261e-1e82-4283-9a30-04b9d33a7b6b	visited the home page.	3d1fc34f-9a4c-4a9c-a1af-e523b1ae602a
20230417	09:04:46	INFORMATION	b5e8261e-1e82-4283-9a30-04b9d33a7b6b	visited the home page.	55d130ea-7245-49f7-a106-e9951b2fe34c
20230417	09:06:09	INFORMATION	b5e8261e-1e82-4283-9a30-04b9d33a7b6b	visited the home page.	2fd5f585-d571-4593-b53e-c752753cd8c2
20230417	09:06:29	INFORMATION	b5e8261e-1e82-4283-9a30-04b9d33a7b6b	visited the home page.	b2592036-7d11-4505-a592-beeb2ad3d8d4
20230417	09:08:09	INFORMATION	b5e8261e-1e82-4283-9a30-04b9d33a7b6b	visited the home page.	986f6fd5-540d-469b-96b7-c49a15252e64
20230417	09:08:48	INFORMATION	b5e8261e-1e82-4283-9a30-04b9d33a7b6b	visited the home page.	9973ad21-fa25-4bae-a592-6dc726592724
20230417	09:08:55	INFORMATION	b5e8261e-1e82-4283-9a30-04b9d33a7b6b	visited the home page.	d58b6a93-cbb4-4acf-b129-2f62b9091cae
20230417	09:08:55	INFORMATION	b5e8261e-1e82-4283-9a30-04b9d33a7b6b	visited the home page.	06845c38-1d8b-4751-a276-f0fc8b7977ef
20230417	09:09:08	INFORMATION	b5e8261e-1e82-4283-9a30-04b9d33a7b6b	visited the home page.	22ad8fdb-7dd9-496f-b183-4fe68d8b0839
20230417	09:09:26	INFORMATION	b5e8261e-1e82-4283-9a30-04b9d33a7b6b	visited the home page.	690fe634-8037-47cd-a737-f4b628d6a247
20230417	09:09:34	INFORMATION	b5e8261e-1e82-4283-9a30-04b9d33a7b6b	visited the home page.	552e6110-59f8-4e8c-8357-c7463540e1b3
20230417	09:10:23	INFORMATION	b5e8261e-1e82-4283-9a30-04b9d33a7b6b	visited the home page.	cd8496bb-1711-4a71-9e6c-096fd0866f45
20230417	09:10:30	INFORMATION	b5e8261e-1e82-4283-9a30-04b9d33a7b6b	visited the home page.	a6e2db00-ef72-4f28-bb41-8a5cac1343aa
20230417	09:10:52	INFORMATION	b5e8261e-1e82-4283-9a30-04b9d33a7b6b	visited the home page.	7e3c0563-be76-45e4-bdcf-5e68cf986061
20230417	09:11:05	INFORMATION	b5e8261e-1e82-4283-9a30-04b9d33a7b6b	visited the home page.	91c43628-6eb4-4884-a31d-03c451395cbd
20230417	09:12:14	INFORMATION	b5e8261e-1e82-4283-9a30-04b9d33a7b6b	visited the home page.	a247cc1d-3818-44d0-ac71-6ccf29484163
20230417	09:12:15	INFORMATION	b5e8261e-1e82-4283-9a30-04b9d33a7b6b	visited the home page.	8c03a776-69f3-401d-8e36-9f85ce07b05b
20230417	09:12:20	INFORMATION	b5e8261e-1e82-4283-9a30-04b9d33a7b6b	visited the home page.	9c39ffbd-4e15-4855-a961-7264744da243
20230417	09:14:57	INFORMATION	b5e8261e-1e82-4283-9a30-04b9d33a7b6b	visited the home page.	13bd2be1-52ad-4b19-a490-9921decf3178
20230417	09:15:55	INFORMATION	b5e8261e-1e82-4283-9a30-04b9d33a7b6b	visited the home page.	35e9b3e2-0382-4cf6-8e39-006b376ca84a
20230417	09:16:04	INFORMATION	b5e8261e-1e82-4283-9a30-04b9d33a7b6b	visited the home page.	df9cde7a-3a6d-4356-ad08-75c604bcf4ae
20230417	09:27:04	INFORMATION	b5e8261e-1e82-4283-9a30-04b9d33a7b6b	visited the home page.	ae6a0094-f1bc-447c-a9fd-16a41ad6be15
20230417	09:27:10	INFORMATION	b5e8261e-1e82-4283-9a30-04b9d33a7b6b	visited the home page.	927047ec-6db5-49f3-9898-110add80e680
20230417	09:29:13	INFORMATION	b5e8261e-1e82-4283-9a30-04b9d33a7b6b	visited the home page.	e4f2fe42-f800-4036-8859-cbbc6e9b2793
20230417	09:34:40	INFORMATION	b5e8261e-1e82-4283-9a30-04b9d33a7b6b	visited the home page.	9e2bf269-7d5d-4067-a98a-ec66f97915bb
20230417	09:37:48	INFORMATION	b5e8261e-1e82-4283-9a30-04b9d33a7b6b	visited the home page.	5e79ec70-de63-4094-a51a-33053200bb9d
20230417	09:39:00	INFORMATION	b5e8261e-1e82-4283-9a30-04b9d33a7b6b	visited the home page.	f0aa32fd-e839-4ff4-ac3f-802831614548
20230417	09:40:17	INFORMATION	b5e8261e-1e82-4283-9a30-04b9d33a7b6b	visited the home page.	1f204ccd-a688-4340-9190-42d7d542ab61
20230417	09:53:24	INFORMATION	b5e8261e-1e82-4283-9a30-04b9d33a7b6b	visited the home page.	05a674ce-d7db-4f5d-b236-d27bfb5f4664
20230417	09:56:34	INFORMATION	b5e8261e-1e82-4283-9a30-04b9d33a7b6b	visited the home page.	a338f120-1c23-40e6-847e-3f73159aef5c
20230417	09:59:07	INFORMATION	b5e8261e-1e82-4283-9a30-04b9d33a7b6b	visited the home page.	c5919240-e5ae-43f0-a31d-ae7e2c2b2dab
20230417	09:59:21	INFORMATION	b5e8261e-1e82-4283-9a30-04b9d33a7b6b	visited the home page.	0936427a-c9a6-47ae-8ff1-272691ac875e
20230417	10:00:47	INFORMATION	b5e8261e-1e82-4283-9a30-04b9d33a7b6b	visited the home page.	87a1e889-f2e2-45e3-ab8b-410fbb790f98
20230417	10:01:01	INFORMATION	b5e8261e-1e82-4283-9a30-04b9d33a7b6b	visited the home page.	f758ac50-fbff-4ea5-aa5b-3d02386d792d
20230417	10:02:32	INFORMATION	b5e8261e-1e82-4283-9a30-04b9d33a7b6b	visited the home page.	5a405706-b278-45c1-b5e7-9add39a4d84e
20230417	10:07:24	INFORMATION	b5e8261e-1e82-4283-9a30-04b9d33a7b6b	visited the home page.	5173a4bb-ded7-4291-bd79-971e7e1dab7a
20230417	10:09:13	INFORMATION	b5e8261e-1e82-4283-9a30-04b9d33a7b6b	visited the home page.	f03d7d51-6974-4a45-b30a-4c2fd746d149
20230417	10:09:30	INFORMATION	b5e8261e-1e82-4283-9a30-04b9d33a7b6b	visited the home page.	2dc66a5b-d787-41f5-99d2-6e0d1ac5d722
20230417	10:09:56	INFORMATION	b5e8261e-1e82-4283-9a30-04b9d33a7b6b	visited the home page.	39a8ef81-7309-44b7-b10b-ce6eae995020
20230417	10:10:25	INFORMATION	b5e8261e-1e82-4283-9a30-04b9d33a7b6b	visited the home page.	8893d0e8-7951-4552-b356-df8462f04679
20230417	10:10:41	INFORMATION	b5e8261e-1e82-4283-9a30-04b9d33a7b6b	visited the home page.	42ee4d3c-17a7-46dd-8dd8-e5a0c757172b
20230417	10:12:29	INFORMATION	b5e8261e-1e82-4283-9a30-04b9d33a7b6b	visited the home page.	78a17963-b9d8-44dc-a35d-62c5769cc545
20230417	10:12:55	INFORMATION	b5e8261e-1e82-4283-9a30-04b9d33a7b6b	visited the home page.	8a2697a6-6457-48db-8da0-090c6b2a49c0
20230417	10:13:15	INFORMATION	b5e8261e-1e82-4283-9a30-04b9d33a7b6b	visited the home page.	0aa7eb16-0598-4156-aa28-cf610500a2eb
20230417	10:13:22	INFORMATION	b5e8261e-1e82-4283-9a30-04b9d33a7b6b	visited the home page.	6c71c1ce-02ca-4715-a385-c11eeecbfc6c
20230417	10:16:13	INFORMATION	b5e8261e-1e82-4283-9a30-04b9d33a7b6b	visited the home page.	dd51732a-e505-426e-8208-980b11cc66e6
20230417	10:18:54	INFORMATION	b5e8261e-1e82-4283-9a30-04b9d33a7b6b	visited the home page.	3d2833b0-de45-4b4e-b315-a2cd14fa0ec8
20230417	10:18:55	INFORMATION	b5e8261e-1e82-4283-9a30-04b9d33a7b6b	visited the home page.	4cd7f50e-ab9e-4861-b14a-1d72d3aa7086
20230417	10:20:38	INFORMATION	b5e8261e-1e82-4283-9a30-04b9d33a7b6b	visited the home page.	26e18bd9-68e6-4f76-a824-3ab629ba8ffe
20230417	10:21:04	INFORMATION	b5e8261e-1e82-4283-9a30-04b9d33a7b6b	visited the home page.	be575cee-5daf-45a5-bbeb-df4f4a937bd2
20230417	10:21:05	INFORMATION	b5e8261e-1e82-4283-9a30-04b9d33a7b6b	visited the home page.	414b56b5-daa0-45f6-938a-e0ceb0863d9a
20230417	10:21:10	INFORMATION	b5e8261e-1e82-4283-9a30-04b9d33a7b6b	visited the home page.	c80e5a17-815a-4e97-84c1-ada04a80fd7f
20230417	10:21:39	INFORMATION	b5e8261e-1e82-4283-9a30-04b9d33a7b6b	visited the home page.	4136d841-8833-4600-9679-956413b72f2b
20230417	10:22:44	INFORMATION	b5e8261e-1e82-4283-9a30-04b9d33a7b6b	visited the home page.	e5a80252-9ee8-4d48-a222-08ddffc3f921
20230417	10:22:45	INFORMATION	b5e8261e-1e82-4283-9a30-04b9d33a7b6b	visited the home page.	d8b22acb-5f84-4928-a7a4-f56a97e020e1
20230417	10:22:46	INFORMATION	b5e8261e-1e82-4283-9a30-04b9d33a7b6b	visited the home page.	99cd4859-9e1a-4d1f-b923-4569b09efbcc
20230417	10:23:29	INFORMATION	b5e8261e-1e82-4283-9a30-04b9d33a7b6b	visited the home page.	4bc6409e-1fb2-47bc-9315-8c147a95f426
20230417	10:23:30	INFORMATION	b5e8261e-1e82-4283-9a30-04b9d33a7b6b	visited the home page.	f4faed16-fa5b-4aed-9b9d-e28b0be473f3
20230417	10:24:01	INFORMATION	b5e8261e-1e82-4283-9a30-04b9d33a7b6b	visited the home page.	004d3942-e271-4d07-a441-eb253c0f8159
20230417	10:24:32	INFORMATION	b5e8261e-1e82-4283-9a30-04b9d33a7b6b	visited the home page.	17a6f809-e593-4801-8d58-f82bc602b241
20230417	10:25:09	INFORMATION	b5e8261e-1e82-4283-9a30-04b9d33a7b6b	visited the home page.	1f12170c-809f-402c-b0ff-1add373549f7
20230417	10:26:39	INFORMATION	b5e8261e-1e82-4283-9a30-04b9d33a7b6b	visited the home page.	ac063cd7-0f0b-443c-82a8-d0286e0af09d
20230417	10:27:41	INFORMATION	b5e8261e-1e82-4283-9a30-04b9d33a7b6b	visited the home page.	d26fe122-8514-4741-8300-8beac13ba3ea
20230417	10:29:47	INFORMATION	b5e8261e-1e82-4283-9a30-04b9d33a7b6b	visited the home page.	82f9886c-da59-4e42-b94c-1f5f150942d4
20230417	10:30:10	INFORMATION	b5e8261e-1e82-4283-9a30-04b9d33a7b6b	visited the home page.	f8411c82-954c-4c76-8417-c91851d6b953
20230417	10:30:25	INFORMATION	b5e8261e-1e82-4283-9a30-04b9d33a7b6b	visited the home page.	157e9cce-c76a-4b65-871f-8be4149ff77e
20230417	10:30:35	INFORMATION	b5e8261e-1e82-4283-9a30-04b9d33a7b6b	visited the home page.	d5dd87fc-098e-450a-bf7d-2eff776bab55
20230417	10:31:23	INFORMATION	b5e8261e-1e82-4283-9a30-04b9d33a7b6b	visited the home page.	037f4a64-4a0f-4120-aae7-b9918bfbf990
20230417	10:31:24	INFORMATION	b5e8261e-1e82-4283-9a30-04b9d33a7b6b	visited the home page.	bd239486-d57f-4259-8a6e-376b3ac84337
20230417	10:31:32	INFORMATION	b5e8261e-1e82-4283-9a30-04b9d33a7b6b	visited the home page.	5f4c040c-33dc-48e9-a908-a954ba9b7adc
20230417	10:32:09	INFORMATION	b5e8261e-1e82-4283-9a30-04b9d33a7b6b	visited the home page.	808675ef-5f1c-4b01-9fe7-facea2cf3031
20230417	10:32:30	INFORMATION	b5e8261e-1e82-4283-9a30-04b9d33a7b6b	visited the home page.	756f207f-512c-4224-ac8d-4671475fc27d
20230417	10:33:02	INFORMATION	b5e8261e-1e82-4283-9a30-04b9d33a7b6b	visited the home page.	e5e3e097-8c12-42c9-b83c-d3d0aca93c97
20230417	10:34:51	INFORMATION	b5e8261e-1e82-4283-9a30-04b9d33a7b6b	visited the home page.	7828db18-752b-4f61-aea8-c3eda8ad4254
20230417	10:42:44	INFORMATION	7d772a0d-b75c-4268-8d3c-76ad7b102df2	visited the home page.	238f6671-bd9f-484c-a15b-603f8d2eb5b1
20230417	12:04:55	INFORMATION	39766dab-e6ef-427b-85cd-d1053b8fc365	visited the home page.	a68a371d-a9a2-4594-8af7-62acaf222e51
20230417	12:32:10	INFORMATION	39766dab-e6ef-427b-85cd-d1053b8fc365	visited the home page.	53cf8194-fdd0-4645-96ba-ca38279b484a
20230417	12:46:53	INFORMATION	39766dab-e6ef-427b-85cd-d1053b8fc365	visited the home page.	669634f5-e4aa-40ac-a0ba-177f9bee5207
20230417	12:48:49	INFORMATION	39766dab-e6ef-427b-85cd-d1053b8fc365	visited the home page.	56073eed-5d7c-4a46-8ea0-cbfa0057ba26
20230417	12:52:22	INFORMATION	39766dab-e6ef-427b-85cd-d1053b8fc365	visited the home page.	d4ad3c2f-0e7b-42fa-b333-5a52854887c3
20230417	12:53:38	INFORMATION	39766dab-e6ef-427b-85cd-d1053b8fc365	visited the home page.	b8e4a57c-33cf-4fce-bed0-5a85b148200a
20230417	12:56:29	INFORMATION	39766dab-e6ef-427b-85cd-d1053b8fc365	visited the home page.	428921fa-ee7a-4992-8f50-11a48a36ced3
20230417	12:58:02	INFORMATION	39766dab-e6ef-427b-85cd-d1053b8fc365	visited the home page.	0e7f7c2c-52f9-4f96-91b5-ab634d9bf426
20230417	13:01:09	INFORMATION	39766dab-e6ef-427b-85cd-d1053b8fc365	visited the home page.	c5a6bec6-f910-4fab-b995-d7908a0cc61f
20230417	13:02:04	INFORMATION	39766dab-e6ef-427b-85cd-d1053b8fc365	visited the home page.	137b3b6f-2aa6-4a9f-9140-0bb55d901be6
20230417	13:03:34	INFORMATION	39766dab-e6ef-427b-85cd-d1053b8fc365	visited the home page.	f68b8b48-00e6-4f58-a965-a0c54f7f7e52
20230417	13:08:35	INFORMATION	39766dab-e6ef-427b-85cd-d1053b8fc365	visited the home page.	d39fbef9-c1d0-413a-94e5-67d727e425f4
20230417	13:10:34	INFORMATION	39766dab-e6ef-427b-85cd-d1053b8fc365	visited the home page.	b2b39e0c-f7e0-4b95-aa2f-b62d00ba0a01
20230417	13:14:19	INFORMATION	39766dab-e6ef-427b-85cd-d1053b8fc365	visited the home page.	8fa2292c-39db-4251-830e-3f5cd457656c
20230417	13:15:11	INFORMATION	39766dab-e6ef-427b-85cd-d1053b8fc365	visited the home page.	19495c9f-c8a1-4721-9c41-b1d72c9e91b2
20230417	13:20:48	INFORMATION	39766dab-e6ef-427b-85cd-d1053b8fc365	visited the home page.	4e7dc6f7-b48e-4324-b5a2-b77b9d7bc43f
20230417	13:24:06	INFORMATION	39766dab-e6ef-427b-85cd-d1053b8fc365	visited the home page.	0b21a800-8494-4a1c-bbb8-54a8acedcf4c
20230417	13:24:36	INFORMATION	39766dab-e6ef-427b-85cd-d1053b8fc365	visited the home page.	35aac1f7-cc46-4f7f-9778-1daf14baf676
20230417	13:28:53	INFORMATION	39766dab-e6ef-427b-85cd-d1053b8fc365	visited the home page.	b6820899-05ab-4a9c-a858-bdb73e3aea59
20230417	13:32:57	INFORMATION	39766dab-e6ef-427b-85cd-d1053b8fc365	visited the home page.	0049614a-51f0-4deb-bd92-89951b0792e7
20230417	13:38:44	INFORMATION	39766dab-e6ef-427b-85cd-d1053b8fc365	visited the home page.	c3bb08fc-dbd3-404b-a125-735a99eb8bdd
20230417	13:38:49	INFORMATION	15	Searched for:  in title	250d6a45-4608-41f8-80bc-ce0f62105b1a
20230417	13:39:55	INFORMATION	39766dab-e6ef-427b-85cd-d1053b8fc365	visited the home page.	bd84223e-4e76-4db4-813a-41e8efc40999
20230417	13:39:58	INFORMATION	15	Searched for: * in title	039bdde2-15c0-4f9d-bc3b-dd6c216e1f0c
20230417	13:42:01	INFORMATION	39766dab-e6ef-427b-85cd-d1053b8fc365	visited the home page.	784518ff-e597-4091-ad11-9ec5dc97f7ac
20230417	13:42:05	INFORMATION	15	Searched for: * in title	cfa06342-2c74-4031-9662-d58bf219f6ac
20230417	13:52:16	INFORMATION	39766dab-e6ef-427b-85cd-d1053b8fc365	visited the home page.	3b2ef626-543d-4136-b917-6181b35824ac
20230417	13:52:23	INFORMATION	15	Searched for: * in title	c16b82c8-0698-44c6-be0b-ee38928d4ad8
20230417	13:52:30	INFORMATION	39766dab-e6ef-427b-85cd-d1053b8fc365	visited the home page.	15cdfda6-4fda-4125-9eea-3bbac8feec0e
20230417	13:53:51	INFORMATION	39766dab-e6ef-427b-85cd-d1053b8fc365	visited the home page.	f439e478-2892-4261-a1eb-f083fd15b490
20230417	13:53:57	INFORMATION	15	Searched for: * in title	37ac0dee-eaf7-4132-9b48-ddcb58d61f56
20230417	13:58:13	INFORMATION	39766dab-e6ef-427b-85cd-d1053b8fc365	visited the home page.	d56f5a15-f889-464d-a278-3cce2c799f0e
20230417	14:01:13	INFORMATION	39766dab-e6ef-427b-85cd-d1053b8fc365	visited the home page.	557993a2-8498-4194-8e68-003edb104992
20230417	14:03:17	INFORMATION	39766dab-e6ef-427b-85cd-d1053b8fc365	visited the home page.	0cf16f23-1fb9-4383-b309-687bb1933314
20230417	14:04:11	INFORMATION	39766dab-e6ef-427b-85cd-d1053b8fc365	visited the home page.	9e05b500-7e1c-4507-b105-066b1bbcbbb5
20230417	14:05:42	INFORMATION	39766dab-e6ef-427b-85cd-d1053b8fc365	visited the home page.	7fa3b30c-cd69-4292-a204-56c3d702a515
20230417	14:06:48	INFORMATION	39766dab-e6ef-427b-85cd-d1053b8fc365	visited the home page.	e82bf3f1-f8a7-441f-b6f9-8bef9ec54c22
20230417	14:10:08	INFORMATION	39766dab-e6ef-427b-85cd-d1053b8fc365	visited the home page.	6e3b6c3e-c707-46fb-adae-ec20770d92e2
20230417	14:14:34	INFORMATION	39766dab-e6ef-427b-85cd-d1053b8fc365	visited the home page.	1f7a3620-c2df-4b34-8c65-ae0b2dd7f5a7
20230417	14:15:28	INFORMATION	39766dab-e6ef-427b-85cd-d1053b8fc365	visited the home page.	2ada2872-1e40-48f2-963b-ad04c0241042
20230417	14:15:47	INFORMATION	39766dab-e6ef-427b-85cd-d1053b8fc365	visited the home page.	41ad7afa-d7fe-4956-ad6e-10828c60ed7f
20230417	14:16:32	INFORMATION	39766dab-e6ef-427b-85cd-d1053b8fc365	visited the home page.	129f9621-782c-4307-96e7-947ad94284df
20230417	14:17:37	INFORMATION	39766dab-e6ef-427b-85cd-d1053b8fc365	visited the home page.	f33e87f8-7c6b-4cd8-b4c5-cbf656d364f4
20230417	14:18:01	INFORMATION	39766dab-e6ef-427b-85cd-d1053b8fc365	visited the home page.	68c4e2bb-b867-482f-b57b-afba4701cfbd
20230417	14:21:49	INFORMATION	39766dab-e6ef-427b-85cd-d1053b8fc365	visited the home page.	07988d22-cf1a-4ae2-abda-25ae400573fd
20230417	14:22:22	INFORMATION	39766dab-e6ef-427b-85cd-d1053b8fc365	visited the home page.	c423d794-9a9f-48cb-9cfe-f75121aef071
20230417	17:56:32	INFORMATION	39766dab-e6ef-427b-85cd-d1053b8fc365	visited the home page.	e41458be-6f8b-4a46-8002-5d4d73e7ff86
20230417	18:00:35	INFORMATION	39766dab-e6ef-427b-85cd-d1053b8fc365	visited the home page.	d455cd57-553c-4428-9828-52034b5696e1
20230417	18:01:57	INFORMATION	39766dab-e6ef-427b-85cd-d1053b8fc365	visited the home page.	91d37377-ef32-4965-84b7-9b78887e557b
20230417	18:31:54	INFORMATION	39766dab-e6ef-427b-85cd-d1053b8fc365	visited the home page.	29f011de-444d-4d89-a1a2-c01660399c43
20230417	18:38:17	INFORMATION	39766dab-e6ef-427b-85cd-d1053b8fc365	visited the home page.	cab22d5c-27a3-4ebf-baea-938aaead9d25
20230417	18:39:07	INFORMATION	39766dab-e6ef-427b-85cd-d1053b8fc365	visited the home page.	cc678248-7876-4207-9c3c-8f490e6c7c7b
20230417	18:43:43	INFORMATION	39766dab-e6ef-427b-85cd-d1053b8fc365	visited the home page.	edd30d05-3834-4f73-8c9e-4a4fc6cca3cc
20230417	18:45:14	INFORMATION	39766dab-e6ef-427b-85cd-d1053b8fc365	visited the home page.	39cf25a7-f863-40bc-92a1-2c414388e250
20230417	18:46:18	INFORMATION	39766dab-e6ef-427b-85cd-d1053b8fc365	visited the home page.	2bd7a7b2-3bd7-4456-b3c7-f31489b3e6a2
20230417	18:49:04	INFORMATION	39766dab-e6ef-427b-85cd-d1053b8fc365	visited the home page.	e1ed2fc7-3f21-4ce3-9a5f-4e444b492a18
20230417	18:49:49	INFORMATION	39766dab-e6ef-427b-85cd-d1053b8fc365	visited the home page.	925031e0-b646-4abf-a70e-ddf32038cc41
20230417	18:51:46	INFORMATION	39766dab-e6ef-427b-85cd-d1053b8fc365	visited the home page.	2bd1abf9-5a97-4014-9a28-ad7ecd64dc2a
20230417	18:58:47	INFORMATION	39766dab-e6ef-427b-85cd-d1053b8fc365	visited the home page.	3fd63870-6b05-4a6d-841e-7d929885fc38
20230417	19:05:00	INFORMATION	39766dab-e6ef-427b-85cd-d1053b8fc365	visited the home page.	4ce68873-562f-442f-a465-99f11eb18422
20230417	19:05:21	INFORMATION	39766dab-e6ef-427b-85cd-d1053b8fc365	visited the home page.	0d3462c7-5fd3-48d2-b049-b4f7d7d12247
20230417	19:06:32	INFORMATION	39766dab-e6ef-427b-85cd-d1053b8fc365	visited the home page.	c1d2d110-7760-4785-856c-6126d300f4a0
20230417	19:17:37	INFORMATION	39766dab-e6ef-427b-85cd-d1053b8fc365	visited the home page.	8f73e64a-06aa-474e-9282-99ee8e206fd8
20230417	19:17:50	INFORMATION	39766dab-e6ef-427b-85cd-d1053b8fc365	visited the home page.	3b3696ce-9b4f-4acf-804c-9e8085c966fc
20230417	19:18:39	INFORMATION	39766dab-e6ef-427b-85cd-d1053b8fc365	visited the home page.	42bd8765-c1ab-4842-90b7-c37befbb3d34
20230417	19:18:53	INFORMATION	39766dab-e6ef-427b-85cd-d1053b8fc365	visited the home page.	5cdc72b7-9aa9-4d11-b72a-6cc5eb7c97f0
