20230411	14:32:35	INFORMATION	b5e8261e-1e82-4283-9a30-04b9d33a7b6b	visited the home page.	43409d10-6d05-46d5-83d7-630a9ed9bf25
20230411	14:33:20	INFORMATION	b5e8261e-1e82-4283-9a30-04b9d33a7b6b	visited the home page.	60b9333b-1d69-43d0-8d98-28a80a20a568
20230411	14:33:24	INFORMATION	b5e8261e-1e82-4283-9a30-04b9d33a7b6b	visited the sample1 page.	e5ec8fd6-a4fb-4fb0-aced-7bc2900f259a
20230411	14:33:26	INFORMATION	b5e8261e-1e82-4283-9a30-04b9d33a7b6b	visited the sample2 page.	6061481e-f7ad-4919-8c71-fac269bbb582
20230411	14:33:27	INFORMATION	b5e8261e-1e82-4283-9a30-04b9d33a7b6b	visited the sample1 page.	096c724b-b211-4815-8154-3e8508f704ca
20230411	14:33:29	INFORMATION	b5e8261e-1e82-4283-9a30-04b9d33a7b6b	visited the home page.	d2f30180-c074-4608-9c64-dec8dee4057c
20230411	14:33:34	INFORMATION	b5e8261e-1e82-4283-9a30-04b9d33a7b6b	visited the sample1 page.	db6bb818-c12b-497f-8081-d4166b9761ef
20230411	14:33:49	INFORMATION	b5e8261e-1e82-4283-9a30-04b9d33a7b6b	visited the sample1 page.	464417e6-35eb-4a09-a1f3-6f84fa7ab2af
20230411	14:33:59	INFORMATION	b5e8261e-1e82-4283-9a30-04b9d33a7b6b	visited the sample1 page.	25a2f362-7571-4148-a6dc-724d2d94bb6a
20230411	14:34:02	INFORMATION	b5e8261e-1e82-4283-9a30-04b9d33a7b6b	visited the home page.	e3cd2d28-eca8-4bc2-8523-cf403de5f64d
20230411	14:37:28	INFORMATION	b5e8261e-1e82-4283-9a30-04b9d33a7b6b	visited the home page.	c5d4bbfa-80e7-4ad6-a779-4d20cf43e39d
20230411	14:37:53	INFORMATION	b5e8261e-1e82-4283-9a30-04b9d33a7b6b	visited the sample1 page.	1e985925-3bbb-491d-9656-553a40c6a897
20230411	14:38:42	INFORMATION	b5e8261e-1e82-4283-9a30-04b9d33a7b6b	visited the home page.	7463c29a-7e70-4220-bf03-ae9fc6659e87
20230411	14:38:45	INFORMATION	b5e8261e-1e82-4283-9a30-04b9d33a7b6b	visited the home page.	66d1b979-3122-4940-89a6-9bcab2b9877f
20230411	14:41:39	INFORMATION	b5e8261e-1e82-4283-9a30-04b9d33a7b6b	visited the home page.	28202021-41f4-43a4-9b87-7e82193e2525
20230411	14:41:51	INFORMATION	b5e8261e-1e82-4283-9a30-04b9d33a7b6b	visited the home page.	e04375b9-53b1-46b4-ae47-d2366c96fdf3
20230411	14:42:20	INFORMATION	b5e8261e-1e82-4283-9a30-04b9d33a7b6b	visited the home page.	70fdc435-cd4a-419f-a4f7-77b1b65db8b9
20230411	14:42:43	INFORMATION	b5e8261e-1e82-4283-9a30-04b9d33a7b6b	visited the home page.	648f7dd0-043e-471e-b1a2-448ed8584238
20230411	14:42:44	INFORMATION	b5e8261e-1e82-4283-9a30-04b9d33a7b6b	visited the home page.	cfe24619-4331-4afd-b5ea-ac0cc0cfce5e
20230411	14:42:49	INFORMATION	b5e8261e-1e82-4283-9a30-04b9d33a7b6b	visited the home page.	ac9c6eee-78bd-4f0d-b014-2bf339c724e5
20230411	14:43:20	INFORMATION	b5e8261e-1e82-4283-9a30-04b9d33a7b6b	visited the home page.	f03632b0-51da-4d20-b2b8-755f5f5d5e1f
20230411	14:43:42	INFORMATION	b5e8261e-1e82-4283-9a30-04b9d33a7b6b	visited the home page.	1f8f852f-6eed-4d29-a266-eaa3c0d03e62
20230411	14:44:53	INFORMATION	b5e8261e-1e82-4283-9a30-04b9d33a7b6b	visited the home page.	4f00e280-183c-4cae-9c33-e5a262161e6e
20230411	14:45:55	INFORMATION	b5e8261e-1e82-4283-9a30-04b9d33a7b6b	visited the home page.	8831a725-9515-4ca9-9aa8-6861ea320a58
20230411	14:46:33	INFORMATION	b5e8261e-1e82-4283-9a30-04b9d33a7b6b	visited the home page.	805314c8-2310-46bc-b5b8-e2e55e77f870
20230411	14:46:35	INFORMATION	b5e8261e-1e82-4283-9a30-04b9d33a7b6b	visited the home page.	11142d56-1da2-4782-b4c9-5caa26711833
20230411	14:46:35	INFORMATION	b5e8261e-1e82-4283-9a30-04b9d33a7b6b	visited the home page.	458494ef-d457-4495-9077-746181454bf1
20230411	14:46:35	INFORMATION	b5e8261e-1e82-4283-9a30-04b9d33a7b6b	visited the home page.	2d296f2d-bb93-4783-b6e2-711cff20c515
20230411	14:46:35	INFORMATION	b5e8261e-1e82-4283-9a30-04b9d33a7b6b	visited the home page.	3edc3af3-adfa-4969-9a99-03f91348826f
20230411	14:46:44	INFORMATION	b5e8261e-1e82-4283-9a30-04b9d33a7b6b	visited the home page.	005ce40d-fa59-47fe-8693-47270a6ef34d
20230411	14:46:57	INFORMATION	b5e8261e-1e82-4283-9a30-04b9d33a7b6b	visited the home page.	45ea1b3b-a093-4f56-939b-a8ee410f6661
20230411	14:47:59	INFORMATION	b5e8261e-1e82-4283-9a30-04b9d33a7b6b	visited the home page.	7de91136-957f-468d-a6a9-fe4014b65c23
20230411	14:48:12	INFORMATION	b5e8261e-1e82-4283-9a30-04b9d33a7b6b	visited the home page.	e31e248f-a707-4ea0-b37c-5b243aad6e98
20230411	14:48:21	INFORMATION	b5e8261e-1e82-4283-9a30-04b9d33a7b6b	visited the home page.	da0597fb-dee5-4553-80d6-f55616c91db6
20230411	14:50:17	INFORMATION	b5e8261e-1e82-4283-9a30-04b9d33a7b6b	visited the home page.	5801958f-ed66-48f7-bb12-50075d8529b3
20230411	14:50:42	INFORMATION	b5e8261e-1e82-4283-9a30-04b9d33a7b6b	visited the home page.	cb3e73af-cad2-410d-b8f7-b663c5740581
20230411	14:51:17	INFORMATION	b5e8261e-1e82-4283-9a30-04b9d33a7b6b	visited the home page.	528a7f09-87b8-4eb5-8794-34a60623339c
20230411	14:51:24	INFORMATION	b5e8261e-1e82-4283-9a30-04b9d33a7b6b	visited the home page.	a363807d-33ab-43d6-858e-f3d4e0181658
20230411	14:52:30	INFORMATION	b5e8261e-1e82-4283-9a30-04b9d33a7b6b	visited the home page.	23bab480-819a-4e94-b274-17994fb7256d
20230411	14:52:31	INFORMATION	b5e8261e-1e82-4283-9a30-04b9d33a7b6b	visited the home page.	022752ee-1201-4e7c-9724-9d8762e1e0df
20230411	14:52:31	INFORMATION	b5e8261e-1e82-4283-9a30-04b9d33a7b6b	visited the home page.	825b1049-cac4-4ca7-9c23-b8569d0779d6
20230411	14:52:31	INFORMATION	b5e8261e-1e82-4283-9a30-04b9d33a7b6b	visited the home page.	73af53bf-871c-4a15-aaa9-a96cba8e6947
20230411	14:52:31	INFORMATION	b5e8261e-1e82-4283-9a30-04b9d33a7b6b	visited the home page.	21b5ae48-72f1-42f5-8128-1616e0718142
20230411	14:52:31	INFORMATION	b5e8261e-1e82-4283-9a30-04b9d33a7b6b	visited the home page.	8aeef44a-435c-48d1-a714-b202d3e4fe0d
20230411	14:52:32	INFORMATION	b5e8261e-1e82-4283-9a30-04b9d33a7b6b	visited the home page.	67e60d31-5f35-4a1a-ad7b-eb435bbdd74d
20230411	14:52:32	INFORMATION	b5e8261e-1e82-4283-9a30-04b9d33a7b6b	visited the home page.	a5fa5963-3699-4329-a4ff-1defe6033f2d
20230411	14:52:32	INFORMATION	b5e8261e-1e82-4283-9a30-04b9d33a7b6b	visited the home page.	58960232-1789-4b87-99d0-4fb8f9e0ebbc
20230411	14:52:32	INFORMATION	b5e8261e-1e82-4283-9a30-04b9d33a7b6b	visited the home page.	66826ae8-231f-4db3-aefd-32be59eef0e9
20230411	14:52:32	INFORMATION	b5e8261e-1e82-4283-9a30-04b9d33a7b6b	visited the home page.	7861ecb8-06f3-440c-b962-1520a43cfa07
20230411	14:52:32	INFORMATION	b5e8261e-1e82-4283-9a30-04b9d33a7b6b	visited the home page.	25540bd4-9458-4bb0-8dfa-472f58fdb08f
20230411	14:52:33	INFORMATION	b5e8261e-1e82-4283-9a30-04b9d33a7b6b	visited the home page.	2f46317f-fcc5-4ef1-89fe-5583392f8b64
20230411	14:52:33	INFORMATION	b5e8261e-1e82-4283-9a30-04b9d33a7b6b	visited the home page.	65275607-5da9-4d58-940c-3ec331c51f2d
20230411	14:52:33	INFORMATION	b5e8261e-1e82-4283-9a30-04b9d33a7b6b	visited the home page.	c41ac4ad-d4df-4f94-9ba0-13310a73ce80
20230411	14:52:33	INFORMATION	b5e8261e-1e82-4283-9a30-04b9d33a7b6b	visited the home page.	66691b9a-0412-4bf1-9202-22d4d7264c94
20230411	14:52:33	INFORMATION	b5e8261e-1e82-4283-9a30-04b9d33a7b6b	visited the home page.	2199e8a3-d91f-4d3e-8451-7aa3b07c3fb6
20230411	14:52:33	INFORMATION	b5e8261e-1e82-4283-9a30-04b9d33a7b6b	visited the home page.	621c9297-6814-40d4-bb97-2436b3d25d63
20230411	14:53:10	INFORMATION	b5e8261e-1e82-4283-9a30-04b9d33a7b6b	visited the home page.	9e91bc4f-b547-4599-afd5-19be8070bb2c
20230411	14:53:11	INFORMATION	b5e8261e-1e82-4283-9a30-04b9d33a7b6b	visited the home page.	11f8b832-d071-4779-9169-284b62664f66
20230411	14:53:22	INFORMATION	b5e8261e-1e82-4283-9a30-04b9d33a7b6b	visited the home page.	7e9060c6-620c-4106-8aa1-007e19612e9f
20230411	14:53:57	INFORMATION	b5e8261e-1e82-4283-9a30-04b9d33a7b6b	visited the home page.	a0ddfaea-3c9b-4d0d-9592-7c835fb1e023
20230411	14:53:58	INFORMATION	b5e8261e-1e82-4283-9a30-04b9d33a7b6b	visited the home page.	503aef18-fb9d-4283-9f53-dc037e5b6d57
20230411	14:53:58	INFORMATION	b5e8261e-1e82-4283-9a30-04b9d33a7b6b	visited the home page.	aef2ed4d-d382-4010-a77b-62631200d7db
20230411	14:53:58	INFORMATION	b5e8261e-1e82-4283-9a30-04b9d33a7b6b	visited the home page.	8c432356-0790-42ef-b85b-50f6c13d7ee5
20230411	14:53:58	INFORMATION	b5e8261e-1e82-4283-9a30-04b9d33a7b6b	visited the home page.	f8c015f7-98b6-47ca-81d3-b70e05a1d3a1
20230411	14:53:58	INFORMATION	b5e8261e-1e82-4283-9a30-04b9d33a7b6b	visited the home page.	fd668eb7-5102-443b-9bdf-e0eb7bb51183
20230411	14:54:15	INFORMATION	b5e8261e-1e82-4283-9a30-04b9d33a7b6b	visited the home page.	d66ef731-0c2c-4fd6-a75f-1ada959f7445
20230411	14:54:26	INFORMATION	b5e8261e-1e82-4283-9a30-04b9d33a7b6b	visited the home page.	b5dbd152-79d8-4b36-8772-bba71580991d
20230411	14:54:38	INFORMATION	b5e8261e-1e82-4283-9a30-04b9d33a7b6b	visited the home page.	b122a21f-26ba-4f68-8443-91b004013996
20230411	14:54:52	INFORMATION	b5e8261e-1e82-4283-9a30-04b9d33a7b6b	visited the home page.	fec3a2f6-0e58-4d62-afd1-4be3787eec95
20230411	14:54:59	INFORMATION	b5e8261e-1e82-4283-9a30-04b9d33a7b6b	visited the home page.	e0355b74-3a19-442b-8c00-9aee4d7ef17a
20230411	14:55:36	INFORMATION	b5e8261e-1e82-4283-9a30-04b9d33a7b6b	visited the home page.	2e7074cd-5532-4cc8-a542-bcd39985ea71
20230411	14:56:08	INFORMATION	b5e8261e-1e82-4283-9a30-04b9d33a7b6b	visited the home page.	4e947bf0-e8e8-493f-8c4a-7956e3021184
20230411	14:56:09	INFORMATION	b5e8261e-1e82-4283-9a30-04b9d33a7b6b	visited the home page.	6d77f491-5896-48e1-8469-905657acfa06
20230411	14:56:54	INFORMATION	b5e8261e-1e82-4283-9a30-04b9d33a7b6b	visited the home page.	d2cc1064-ef33-4232-9926-7f288565657d
20230411	14:56:55	INFORMATION	b5e8261e-1e82-4283-9a30-04b9d33a7b6b	visited the home page.	3ba57c7e-25d3-4765-a626-42c4f7cd93d8
20230411	14:56:55	INFORMATION	b5e8261e-1e82-4283-9a30-04b9d33a7b6b	visited the home page.	385ab617-32d0-498b-b451-2bcbe86f10c5
20230411	14:56:55	INFORMATION	b5e8261e-1e82-4283-9a30-04b9d33a7b6b	visited the home page.	f61e933c-bfdd-430e-9c9c-f0f5a97ac4de
20230411	14:57:09	INFORMATION	b5e8261e-1e82-4283-9a30-04b9d33a7b6b	visited the home page.	802126c8-4e3e-4c26-8935-b288bcec609f
20230411	14:57:22	INFORMATION	b5e8261e-1e82-4283-9a30-04b9d33a7b6b	visited the home page.	d15f216a-26a0-473b-997d-10ffd1b3c9e6
20230411	14:57:25	INFORMATION	b5e8261e-1e82-4283-9a30-04b9d33a7b6b	visited the home page.	eb8339c0-940a-4dc2-ae94-c7404bc0b683
20230411	14:57:26	INFORMATION	b5e8261e-1e82-4283-9a30-04b9d33a7b6b	visited the sample1 page.	031791ac-89d3-4da2-8216-22f1adaf434e
20230411	14:57:27	INFORMATION	b5e8261e-1e82-4283-9a30-04b9d33a7b6b	visited the home page.	35abd9ac-1ef0-4a47-8ac1-93a827a73a6d
20230411	14:58:13	INFORMATION	b5e8261e-1e82-4283-9a30-04b9d33a7b6b	visited the home page.	97fa6d22-2673-4085-82d2-4dcc6746192c
20230411	14:58:29	INFORMATION	b5e8261e-1e82-4283-9a30-04b9d33a7b6b	visited the home page.	be92bff7-5d2d-409f-a22b-86b3c8a4027e
20230411	14:58:44	INFORMATION	b5e8261e-1e82-4283-9a30-04b9d33a7b6b	visited the home page.	b6807a38-8331-4125-8a26-005b63e594a1
20230411	14:58:44	INFORMATION	b5e8261e-1e82-4283-9a30-04b9d33a7b6b	visited the home page.	d07aebd9-7b0b-4c4a-8fa1-a25810712c9b
20230411	14:59:01	INFORMATION	b5e8261e-1e82-4283-9a30-04b9d33a7b6b	visited the home page.	60b981cb-cb76-4230-ae63-a9e70cbe6daf
20230411	14:59:11	INFORMATION	b5e8261e-1e82-4283-9a30-04b9d33a7b6b	visited the home page.	03ecc463-aefd-4f25-8a4f-d0f03c261048
20230411	14:59:20	INFORMATION	b5e8261e-1e82-4283-9a30-04b9d33a7b6b	visited the home page.	fd5523b0-4f96-4d47-a35d-74a712e4d487
20230411	15:00:21	INFORMATION	b5e8261e-1e82-4283-9a30-04b9d33a7b6b	visited the home page.	2f6fe1d3-44c5-4164-9a7c-96cb6a5297a0
20230411	15:00:40	INFORMATION	b5e8261e-1e82-4283-9a30-04b9d33a7b6b	visited the home page.	0aaf8b81-11f2-438a-8a5e-262a626d036a
20230411	15:01:00	INFORMATION	b5e8261e-1e82-4283-9a30-04b9d33a7b6b	visited the home page.	f333e452-a094-4b0c-8cc0-651e4d420ccb
20230411	15:01:30	INFORMATION	b5e8261e-1e82-4283-9a30-04b9d33a7b6b	visited the home page.	5f0654e5-25a6-4047-833b-fce542b0810f
20230411	15:02:19	INFORMATION	b5e8261e-1e82-4283-9a30-04b9d33a7b6b	visited the home page.	277ae5c0-b5c4-4295-8493-cfacdd4f58ef
20230411	15:02:24	INFORMATION	b5e8261e-1e82-4283-9a30-04b9d33a7b6b	visited the home page.	697ece98-0e35-42f6-80d4-077ac24f2f62
20230411	15:05:00	INFORMATION	b5e8261e-1e82-4283-9a30-04b9d33a7b6b	visited the home page.	3460cf5c-1da3-45c6-a520-0479159e6c1b
20230411	15:05:37	INFORMATION	b5e8261e-1e82-4283-9a30-04b9d33a7b6b	visited the home page.	291a3473-2bd3-4843-8028-76fc29f5f2f3
20230411	15:05:43	INFORMATION	b5e8261e-1e82-4283-9a30-04b9d33a7b6b	visited the home page.	14ffa341-4f25-4040-9a8c-1620ed0e967d
20230411	15:06:53	INFORMATION	b5e8261e-1e82-4283-9a30-04b9d33a7b6b	visited the home page.	d5915449-844f-44f4-8c40-d0f5697b90b9
20230411	15:07:24	INFORMATION	b5e8261e-1e82-4283-9a30-04b9d33a7b6b	visited the home page.	6c6a41f8-3963-47ae-a5b8-fb63eefc9316
20230411	15:07:38	INFORMATION	b5e8261e-1e82-4283-9a30-04b9d33a7b6b	visited the home page.	58c4b08a-5e14-4ad8-a3cc-4897c8a04d7e
20230411	15:07:42	INFORMATION	b5e8261e-1e82-4283-9a30-04b9d33a7b6b	visited the home page.	6a7b669c-6d0c-4435-b6e3-91be5208bace
20230411	15:07:58	INFORMATION	b5e8261e-1e82-4283-9a30-04b9d33a7b6b	visited the home page.	be37d58b-1f00-4324-9570-9d648ee58252
20230411	15:08:14	INFORMATION	b5e8261e-1e82-4283-9a30-04b9d33a7b6b	visited the home page.	fae72e9f-4740-43a2-8c49-ed0dc07ca908
20230411	15:08:32	INFORMATION	b5e8261e-1e82-4283-9a30-04b9d33a7b6b	visited the home page.	0db0dd89-8144-4fae-bdc9-0270b93e9684
20230411	15:09:00	INFORMATION	b5e8261e-1e82-4283-9a30-04b9d33a7b6b	visited the home page.	5b13938d-e261-40d5-aa1e-c08b97e80076
20230411	15:09:13	INFORMATION	b5e8261e-1e82-4283-9a30-04b9d33a7b6b	visited the home page.	290abb11-9e51-4062-857f-0d18c06c2f31
20230411	15:09:23	INFORMATION	b5e8261e-1e82-4283-9a30-04b9d33a7b6b	visited the home page.	0a501143-0fd8-427c-9f32-72cc4cbd3316
20230411	15:09:42	INFORMATION	b5e8261e-1e82-4283-9a30-04b9d33a7b6b	visited the home page.	0dd9677f-732d-43bc-9b65-c26745c4517c
20230411	15:09:50	INFORMATION	b5e8261e-1e82-4283-9a30-04b9d33a7b6b	visited the home page.	0c644474-6dbc-47b5-b50a-127fa4f3083a
20230411	15:10:00	INFORMATION	b5e8261e-1e82-4283-9a30-04b9d33a7b6b	visited the home page.	2ddaf96b-8626-4418-adc8-97e4dac6ada7
20230411	15:10:18	INFORMATION	b5e8261e-1e82-4283-9a30-04b9d33a7b6b	visited the home page.	c47d7a2c-18f2-4a4e-b8e0-6675065ee204
20230411	15:10:32	INFORMATION	b5e8261e-1e82-4283-9a30-04b9d33a7b6b	visited the home page.	9093c3d1-5ed6-46c2-8519-75d67639abc1
20230411	15:10:39	INFORMATION	b5e8261e-1e82-4283-9a30-04b9d33a7b6b	visited the home page.	c4f6d764-0123-4c1e-890e-fbca6c03b389
20230411	15:10:56	INFORMATION	b5e8261e-1e82-4283-9a30-04b9d33a7b6b	visited the home page.	02c88a47-06d4-4781-974a-0bd85fb79c47
20230411	15:10:57	INFORMATION	b5e8261e-1e82-4283-9a30-04b9d33a7b6b	visited the home page.	0efa1053-f96a-464f-ab0e-514ba90187c8
20230411	15:10:58	INFORMATION	b5e8261e-1e82-4283-9a30-04b9d33a7b6b	visited the home page.	c7eee2aa-5781-4d0b-80ac-133ed3a643a8
20230411	15:10:58	INFORMATION	b5e8261e-1e82-4283-9a30-04b9d33a7b6b	visited the home page.	8fa04139-631a-44a1-905a-0f128100c798
20230411	15:11:05	INFORMATION	b5e8261e-1e82-4283-9a30-04b9d33a7b6b	visited the home page.	126cbf7c-1b64-4857-bf37-cd5bb909a533
20230411	15:11:27	INFORMATION	b5e8261e-1e82-4283-9a30-04b9d33a7b6b	visited the home page.	39f173b4-3f7a-4712-b904-c9119c98fae4
20230411	15:11:50	INFORMATION	b5e8261e-1e82-4283-9a30-04b9d33a7b6b	visited the home page.	03c11149-5428-4e3d-87c2-c3905bba1d38
20230411	15:12:03	INFORMATION	b5e8261e-1e82-4283-9a30-04b9d33a7b6b	visited the home page.	29ac9ff6-3fcd-4099-b643-687a913cb6d7
20230411	15:13:45	INFORMATION	b5e8261e-1e82-4283-9a30-04b9d33a7b6b	visited the home page.	66ce8ed6-2edb-4112-99c9-d6f28d6f8b41
20230411	15:13:47	INFORMATION	b5e8261e-1e82-4283-9a30-04b9d33a7b6b	visited the home page.	36b1da29-b10a-4ccd-b07f-d5855fd467fc
20230411	15:13:48	INFORMATION	b5e8261e-1e82-4283-9a30-04b9d33a7b6b	visited the home page.	809a71a9-d042-48a5-8b54-1f3ec667fea4
20230411	15:13:48	INFORMATION	b5e8261e-1e82-4283-9a30-04b9d33a7b6b	visited the home page.	e8f87e80-ca5d-42a1-88ed-4be644f180b5
20230411	15:13:48	INFORMATION	b5e8261e-1e82-4283-9a30-04b9d33a7b6b	visited the home page.	66e2ac7c-2336-4f15-a57c-c3a744a33b90
20230411	15:13:48	INFORMATION	b5e8261e-1e82-4283-9a30-04b9d33a7b6b	visited the home page.	6adc9ccb-9e03-4e61-b834-56b24ce832a9
20230411	15:13:49	INFORMATION	b5e8261e-1e82-4283-9a30-04b9d33a7b6b	visited the home page.	929c427c-2f92-40ca-8137-3f3461641384
20230411	15:13:49	INFORMATION	b5e8261e-1e82-4283-9a30-04b9d33a7b6b	visited the home page.	1b8f152a-c2be-4f49-b3f8-271aca4b6868
20230411	15:13:49	INFORMATION	b5e8261e-1e82-4283-9a30-04b9d33a7b6b	visited the home page.	12cd2c1d-4548-4341-9230-e5833cc6f9f1
20230411	15:13:49	INFORMATION	b5e8261e-1e82-4283-9a30-04b9d33a7b6b	visited the home page.	f344f58c-69da-4418-8660-013c34dab001
20230411	15:13:49	INFORMATION	b5e8261e-1e82-4283-9a30-04b9d33a7b6b	visited the home page.	ed16826a-2b5a-44b8-9b43-8a1ccf4bb805
20230411	15:14:08	INFORMATION	b5e8261e-1e82-4283-9a30-04b9d33a7b6b	visited the home page.	bf88d6b7-4173-4afb-ab54-aafbc36457b2
20230411	15:14:10	INFORMATION	b5e8261e-1e82-4283-9a30-04b9d33a7b6b	visited the home page.	9a47f41c-0394-402a-9938-4d0c07e10143
20230411	15:14:19	INFORMATION	b5e8261e-1e82-4283-9a30-04b9d33a7b6b	visited the home page.	5577834d-0444-471f-b5e3-7ab101cc160c
20230411	15:14:36	INFORMATION	b5e8261e-1e82-4283-9a30-04b9d33a7b6b	visited the home page.	7c964808-25f5-4670-b6c7-df882a141e6f
20230411	15:14:37	INFORMATION	b5e8261e-1e82-4283-9a30-04b9d33a7b6b	visited the home page.	625ddbf0-35e1-452e-91dc-87b075ca378e
20230411	15:14:47	INFORMATION	b5e8261e-1e82-4283-9a30-04b9d33a7b6b	visited the home page.	3e11c661-0973-4d40-9589-3cc7f88a035f
20230411	15:14:48	INFORMATION	b5e8261e-1e82-4283-9a30-04b9d33a7b6b	visited the home page.	c6b29297-c25e-4653-b32d-282075b64715
20230411	15:15:25	INFORMATION	b5e8261e-1e82-4283-9a30-04b9d33a7b6b	visited the home page.	127a6be3-9514-41a9-9e2b-3827deb95b30
20230411	15:15:25	INFORMATION	b5e8261e-1e82-4283-9a30-04b9d33a7b6b	visited the home page.	fb8c9f4b-1f87-4de5-b85e-f70d8d2814e6
20230411	15:15:29	INFORMATION	b5e8261e-1e82-4283-9a30-04b9d33a7b6b	visited the home page.	43e65dc1-9452-4da0-85ec-9871d067ff44
20230411	15:15:47	INFORMATION	b5e8261e-1e82-4283-9a30-04b9d33a7b6b	visited the home page.	486c0caf-bcfd-4f16-b541-db8ce54a037e
20230411	15:15:52	INFORMATION	b5e8261e-1e82-4283-9a30-04b9d33a7b6b	visited the home page.	817efb9e-2448-4119-a12d-a6af05043d87
20230411	15:16:09	INFORMATION	b5e8261e-1e82-4283-9a30-04b9d33a7b6b	visited the home page.	0527814c-d481-4f01-9842-0d9dd2d336ab
20230411	15:16:14	INFORMATION	b5e8261e-1e82-4283-9a30-04b9d33a7b6b	visited the home page.	070fd51f-403e-4aeb-8603-dc8621d60a50
20230411	15:16:19	INFORMATION	b5e8261e-1e82-4283-9a30-04b9d33a7b6b	visited the home page.	a28fb203-6d62-47d6-b5f0-539b0a4629db
20230411	15:16:24	INFORMATION	b5e8261e-1e82-4283-9a30-04b9d33a7b6b	visited the home page.	97e5e96c-fc91-4864-a631-f48348729a78
20230411	15:16:41	INFORMATION	b5e8261e-1e82-4283-9a30-04b9d33a7b6b	visited the home page.	f8e64beb-11fe-4b02-a89f-7ee5666d155d
20230411	15:16:59	INFORMATION	b5e8261e-1e82-4283-9a30-04b9d33a7b6b	visited the home page.	36fcd2c2-f0e4-408f-b2d3-53db3aaaf5fa
20230411	15:17:15	INFORMATION	b5e8261e-1e82-4283-9a30-04b9d33a7b6b	visited the home page.	307d45ee-4dcd-4395-8596-d7fac9181526
20230411	15:17:51	INFORMATION	b5e8261e-1e82-4283-9a30-04b9d33a7b6b	visited the home page.	41997f28-7afa-4742-be3e-f11bf9c4f561
20230411	15:18:16	INFORMATION	b5e8261e-1e82-4283-9a30-04b9d33a7b6b	visited the sample1 page.	8c6de909-6df5-45d8-b118-66e210c683a2
